<?xml version="1.0" encoding="UTF-8"?>
<!-- Generated by org.testng.reporters.JUnitXMLReporter -->
<testsuite hostname="NitinKumar-Testing" ignored="0" name="Test" tests="5" failures="0" timestamp="03 Jul 2017 11:18:35 GMT" time="0.118" errors="0">
  <testcase name="f" time="0.009" classname="firstdemo.Class2"/>
  <testcase name="f" time="0.004" classname="firstdemo.Class3"/>
  <testcase name="f3" time="0.007" classname="firstdemo.Class1"/>
  <testcase name="f2" time="0.01" classname="firstdemo.Class1"/>
  <testcase name="f1" time="0.011" classname="firstdemo.Class1"/>
</testsuite> <!-- Test -->
