<?xml version="1.0" encoding="UTF-8"?>
<testng-results skipped="0" failed="0" total="1" passed="1">
  <reporter-output>
  </reporter-output>
  <suite name="Suite" duration-ms="85" started-at="2017-07-01T22:46:32Z" finished-at="2017-07-01T22:46:32Z">
    <groups>
    </groups>
    <test name="Test" duration-ms="85" started-at="2017-07-01T22:46:32Z" finished-at="2017-07-01T22:46:32Z">
      <class name="com.test.mavenTestNGDemo.NewTest">
        <test-method status="PASS" signature="demoTest()[pri:0, instance:com.test.mavenTestNGDemo.NewTest@61dc03ce]" name="demoTest" duration-ms="46" started-at="2017-07-02T04:16:32Z" finished-at="2017-07-02T04:16:32Z">
          <reporter-output>
          </reporter-output>
        </test-method> <!-- demoTest -->
      </class> <!-- com.test.mavenTestNGDemo.NewTest -->
    </test> <!-- Test -->
  </suite> <!-- Suite -->
</testng-results>
