<?xml version="1.0" encoding="UTF-8"?>
<testng-results skipped="0" failed="0" ignored="0" total="3" passed="3">
  <reporter-output>
  </reporter-output>
  <suite name="Suite" duration-ms="109" started-at="2017-07-01T14:33:03Z" finished-at="2017-07-01T14:33:03Z">
    <groups>
    </groups>
    <test name="Test" duration-ms="109" started-at="2017-07-01T14:33:03Z" finished-at="2017-07-01T14:33:03Z">
      <class name="firstdemo.Class3">
        <test-method status="PASS" signature="beforeClass()[pri:0, instance:firstdemo.Class3@3c756e4d]" name="beforeClass" is-config="true" duration-ms="0" started-at="2017-07-01T20:03:03Z" finished-at="2017-07-01T20:03:03Z">
          <reporter-output>
          </reporter-output>
        </test-method> <!-- beforeClass -->
        <test-method status="PASS" signature="f()[pri:0, instance:firstdemo.Class3@3c756e4d]" name="f" duration-ms="20" started-at="2017-07-01T20:03:03Z" finished-at="2017-07-01T20:03:03Z">
          <reporter-output>
          </reporter-output>
        </test-method> <!-- f -->
        <test-method status="PASS" signature="afterClass()[pri:0, instance:firstdemo.Class3@3c756e4d]" name="afterClass" is-config="true" duration-ms="0" started-at="2017-07-01T20:03:03Z" finished-at="2017-07-01T20:03:03Z">
          <reporter-output>
          </reporter-output>
        </test-method> <!-- afterClass -->
      </class> <!-- firstdemo.Class3 -->
      <class name="firstdemo.Class2">
        <test-method status="PASS" signature="beforeClass()[pri:0, instance:firstdemo.Class2@48eff760]" name="beforeClass" is-config="true" duration-ms="1" started-at="2017-07-01T20:03:03Z" finished-at="2017-07-01T20:03:03Z">
          <reporter-output>
          </reporter-output>
        </test-method> <!-- beforeClass -->
        <test-method status="PASS" signature="f()[pri:0, instance:firstdemo.Class2@48eff760]" name="f" duration-ms="2" started-at="2017-07-01T20:03:03Z" finished-at="2017-07-01T20:03:03Z">
          <reporter-output>
          </reporter-output>
        </test-method> <!-- f -->
        <test-method status="PASS" signature="afterClass()[pri:0, instance:firstdemo.Class2@48eff760]" name="afterClass" is-config="true" duration-ms="0" started-at="2017-07-01T20:03:03Z" finished-at="2017-07-01T20:03:03Z">
          <reporter-output>
          </reporter-output>
        </test-method> <!-- afterClass -->
      </class> <!-- firstdemo.Class2 -->
      <class name="firstdemo.Class1">
        <test-method status="PASS" signature="beforeTest()[pri:0, instance:firstdemo.Class1@7c0e2abd]" name="beforeTest" is-config="true" duration-ms="17" started-at="2017-07-01T20:03:03Z" finished-at="2017-07-01T20:03:03Z">
          <reporter-output>
          </reporter-output>
        </test-method> <!-- beforeTest -->
        <test-method status="PASS" signature="beforeTest()[pri:0, instance:firstdemo.Class3@3c756e4d]" name="beforeTest" is-config="true" duration-ms="1" started-at="2017-07-01T20:03:03Z" finished-at="2017-07-01T20:03:03Z">
          <reporter-output>
          </reporter-output>
        </test-method> <!-- beforeTest -->
        <test-method status="PASS" signature="beforeTest()[pri:0, instance:firstdemo.Class2@48eff760]" name="beforeTest" is-config="true" duration-ms="0" started-at="2017-07-01T20:03:03Z" finished-at="2017-07-01T20:03:03Z">
          <reporter-output>
          </reporter-output>
        </test-method> <!-- beforeTest -->
        <test-method status="PASS" signature="beforeClass()[pri:0, instance:firstdemo.Class1@7c0e2abd]" name="beforeClass" is-config="true" duration-ms="1" started-at="2017-07-01T20:03:03Z" finished-at="2017-07-01T20:03:03Z">
          <reporter-output>
          </reporter-output>
        </test-method> <!-- beforeClass -->
        <test-method status="PASS" signature="f()[pri:0, instance:firstdemo.Class1@7c0e2abd]" name="f" duration-ms="7" started-at="2017-07-01T20:03:03Z" finished-at="2017-07-01T20:03:03Z">
          <reporter-output>
          </reporter-output>
        </test-method> <!-- f -->
        <test-method status="PASS" signature="afterClass()[pri:0, instance:firstdemo.Class1@7c0e2abd]" name="afterClass" is-config="true" duration-ms="0" started-at="2017-07-01T20:03:03Z" finished-at="2017-07-01T20:03:03Z">
          <reporter-output>
          </reporter-output>
        </test-method> <!-- afterClass -->
        <test-method status="PASS" signature="afterTest()[pri:0, instance:firstdemo.Class1@7c0e2abd]" name="afterTest" is-config="true" duration-ms="0" started-at="2017-07-01T20:03:03Z" finished-at="2017-07-01T20:03:03Z">
          <reporter-output>
          </reporter-output>
        </test-method> <!-- afterTest -->
        <test-method status="PASS" signature="afterTest()[pri:0, instance:firstdemo.Class2@48eff760]" name="afterTest" is-config="true" duration-ms="1" started-at="2017-07-01T20:03:03Z" finished-at="2017-07-01T20:03:03Z">
          <reporter-output>
          </reporter-output>
        </test-method> <!-- afterTest -->
        <test-method status="PASS" signature="afterTest()[pri:0, instance:firstdemo.Class3@3c756e4d]" name="afterTest" is-config="true" duration-ms="0" started-at="2017-07-01T20:03:03Z" finished-at="2017-07-01T20:03:03Z">
          <reporter-output>
          </reporter-output>
        </test-method> <!-- afterTest -->
      </class> <!-- firstdemo.Class1 -->
    </test> <!-- Test -->
  </suite> <!-- Suite -->
</testng-results>
