<?xml version="1.0" encoding="UTF-8"?>
<testng-results skipped="0" failed="0" ignored="0" total="5" passed="5">
  <reporter-output>
  </reporter-output>
  <suite name="Suite" duration-ms="118" started-at="2017-07-03T11:18:35Z" finished-at="2017-07-03T11:18:35Z">
    <groups>
    </groups>
    <test name="Test" duration-ms="118" started-at="2017-07-03T11:18:35Z" finished-at="2017-07-03T11:18:35Z">
      <class name="firstdemo.Class3">
        <test-method status="PASS" signature="f()[pri:0, instance:firstdemo.Class3@7c0e2abd]" name="f" duration-ms="4" started-at="2017-07-03T16:48:35Z" finished-at="2017-07-03T16:48:35Z">
          <reporter-output>
          </reporter-output>
        </test-method> <!-- f -->
      </class> <!-- firstdemo.Class3 -->
      <class name="firstdemo.Class2">
        <test-method status="PASS" signature="f()[pri:0, instance:firstdemo.Class2@3c756e4d]" name="f" duration-ms="9" started-at="2017-07-03T16:48:35Z" finished-at="2017-07-03T16:48:35Z">
          <reporter-output>
          </reporter-output>
        </test-method> <!-- f -->
      </class> <!-- firstdemo.Class2 -->
      <class name="firstdemo.Class1">
        <test-method status="PASS" signature="beforeTest()[pri:0, instance:firstdemo.Class1@4de8b406]" name="beforeTest" is-config="true" duration-ms="10" started-at="2017-07-03T16:48:35Z" finished-at="2017-07-03T16:48:35Z">
          <reporter-output>
          </reporter-output>
        </test-method> <!-- beforeTest -->
        <test-method status="PASS" signature="beforeTest()[pri:0, instance:firstdemo.Class2@3c756e4d]" name="beforeTest" is-config="true" duration-ms="0" started-at="2017-07-03T16:48:35Z" finished-at="2017-07-03T16:48:35Z">
          <reporter-output>
          </reporter-output>
        </test-method> <!-- beforeTest -->
        <test-method status="PASS" signature="beforeTest()[pri:0, instance:firstdemo.Class3@7c0e2abd]" name="beforeTest" is-config="true" duration-ms="0" started-at="2017-07-03T16:48:35Z" finished-at="2017-07-03T16:48:35Z">
          <reporter-output>
          </reporter-output>
        </test-method> <!-- beforeTest -->
        <test-method status="PASS" signature="testMethod()[pri:0, instance:firstdemo.Class1@4de8b406]" name="testMethod" is-config="true" duration-ms="1" started-at="2017-07-03T16:48:35Z" finished-at="2017-07-03T16:48:35Z">
          <reporter-output>
          </reporter-output>
        </test-method> <!-- testMethod -->
        <test-method status="PASS" signature="f3()[pri:1, instance:firstdemo.Class1@4de8b406]" name="f3" duration-ms="7" started-at="2017-07-03T16:48:35Z" finished-at="2017-07-03T16:48:35Z">
          <reporter-output>
          </reporter-output>
        </test-method> <!-- f3 -->
        <test-method status="PASS" signature="f2()[pri:2, instance:firstdemo.Class1@4de8b406]" name="f2" duration-ms="10" started-at="2017-07-03T16:48:35Z" finished-at="2017-07-03T16:48:35Z">
          <reporter-output>
          </reporter-output>
        </test-method> <!-- f2 -->
        <test-method status="PASS" signature="testMethod()[pri:0, instance:firstdemo.Class1@4de8b406]" name="testMethod" is-config="true" duration-ms="0" started-at="2017-07-03T16:48:35Z" finished-at="2017-07-03T16:48:35Z">
          <reporter-output>
          </reporter-output>
        </test-method> <!-- testMethod -->
        <test-method status="PASS" signature="f1()[pri:3, instance:firstdemo.Class1@4de8b406]" name="f1" duration-ms="11" started-at="2017-07-03T16:48:35Z" finished-at="2017-07-03T16:48:35Z">
          <reporter-output>
          </reporter-output>
        </test-method> <!-- f1 -->
        <test-method status="PASS" signature="testMethod()[pri:0, instance:firstdemo.Class1@4de8b406]" name="testMethod" is-config="true" duration-ms="0" started-at="2017-07-03T16:48:35Z" finished-at="2017-07-03T16:48:35Z">
          <reporter-output>
          </reporter-output>
        </test-method> <!-- testMethod -->
        <test-method status="PASS" signature="afterTest()[pri:0, instance:firstdemo.Class1@4de8b406]" name="afterTest" is-config="true" duration-ms="1" started-at="2017-07-03T16:48:35Z" finished-at="2017-07-03T16:48:35Z">
          <reporter-output>
          </reporter-output>
        </test-method> <!-- afterTest -->
        <test-method status="PASS" signature="afterTest()[pri:0, instance:firstdemo.Class3@7c0e2abd]" name="afterTest" is-config="true" duration-ms="1" started-at="2017-07-03T16:48:35Z" finished-at="2017-07-03T16:48:35Z">
          <reporter-output>
          </reporter-output>
        </test-method> <!-- afterTest -->
        <test-method status="PASS" signature="afterTest()[pri:0, instance:firstdemo.Class2@3c756e4d]" name="afterTest" is-config="true" duration-ms="0" started-at="2017-07-03T16:48:35Z" finished-at="2017-07-03T16:48:35Z">
          <reporter-output>
          </reporter-output>
        </test-method> <!-- afterTest -->
      </class> <!-- firstdemo.Class1 -->
    </test> <!-- Test -->
  </suite> <!-- Suite -->
</testng-results>
